<?xml version="1.0" encoding="UTF-8"?>
<!-- Generated by org.testng.reporters.JUnitReportReporter -->
<testsuite hostname="Sayan-Notebook" failures="0" tests="1" name="com.inetBanking.testClases.TC_LoginTest_001" time="3.993" errors="0" timestamp="2025-07-19T12:17:34 IST" skipped="0">
  <testcase classname="com.inetBanking.testClases.TC_LoginTest_001" name="loginTest" time="3.993"/>
  <system-out/>
</testsuite> <!-- com.inetBanking.testClases.TC_LoginTest_001 -->
