<?xml version="1.0" encoding="UTF-8"?>
<!-- Generated by org.testng.reporters.JUnitReportReporter -->
<testsuite hostname="DESKTOP-NEBTV1H" failures="0" tests="1" name="com.inetBanking.testClases.TC_LoginTest" time="1.598" errors="0" timestamp="2022-01-09T19:21:33 PST" skipped="0">
  <testcase classname="com.inetBanking.testClases.TC_LoginTest" name="loginTest" time="1.598"/>
  <system-out/>
</testsuite> <!-- com.inetBanking.testClases.TC_LoginTest -->
