<?xml version="1.0" encoding="UTF-8"?>
<!-- Generated by org.testng.reporters.JUnitReportReporter -->
<testsuite hostname="DESKTOP-NEBTV1H" failures="0" tests="1" name="com.inetBanking.testClases.TC_LoginTest_001" time="5.947" errors="0" timestamp="2022-04-20T10:07:05 IST" skipped="0">
  <testcase classname="com.inetBanking.testClases.TC_LoginTest_001" name="loginTest" time="5.947"/>
  <system-out/>
</testsuite> <!-- com.inetBanking.testClases.TC_LoginTest_001 -->
