<?xml version="1.0" encoding="UTF-8"?>
<!-- Generated by org.testng.reporters.JUnitReportReporter -->
<testsuite hostname="DESKTOP-NEBTV1H" failures="0" tests="1" name="com.inetBanking.testClases.TC_LoginTest_001" time="5.121" errors="0" timestamp="20 Apr 2022 04:39:21 GMT" skipped="0">
  <testcase classname="com.inetBanking.testClases.TC_LoginTest_001" name="loginTest" time="5.121"/>
</testsuite> <!-- com.inetBanking.testClases.TC_LoginTest_001 -->
